<?xml version="1.0" encoding="UTF-8"?>
<!-- Generated by org.testng.reporters.JUnitReportReporter -->
<testsuite hostname="DESKTOP-S63650B" failures="0" tests="1" name="testcases.ValidateShoesMenuItem" time="8.492" errors="0" timestamp="2021-07-26T10:52:30 CEST" skipped="0">
  <testcase classname="testcases.ValidateShoesMenuItem" name="ValidateShoesAsMenuItem" time="8.492"/>
  <system-out/>
</testsuite> <!-- testcases.ValidateShoesMenuItem -->
