<?xml version="1.0" encoding="UTF-8"?>
<!-- Generated by org.testng.reporters.JUnitReportReporter -->
<testsuite hostname="DESKTOP-S63650B" failures="0" tests="1" name="testcases.ValidateHttpStatusCode" time="2.702" errors="0" timestamp="2023-02-08T20:52:04 CET" skipped="0">
  <testcase classname="testcases.ValidateHttpStatusCode" name="validateStatusCode200" time="2.702"/>
  <system-out/>
</testsuite> <!-- testcases.ValidateHttpStatusCode -->
