<?xml version="1.0" encoding="UTF-8"?>
<!-- Generated by org.testng.reporters.JUnitReportReporter -->
<testsuite hostname="DESKTOP-S63650B" failures="0" tests="1" name="testcases.ValidateProductPriceAfterPlaceOrder" time="10.606" errors="0" timestamp="2021-06-26T17:06:42 CEST" skipped="0">
  <testcase classname="testcases.ValidateProductPriceAfterPlaceOrder" name="validateProductPriceAfterPlaceOrder" time="10.606"/>
  <system-out/>
</testsuite> <!-- testcases.ValidateProductPriceAfterPlaceOrder -->
