<?xml version="1.0" encoding="UTF-8"?>
<!-- Generated by org.testng.reporters.JUnitReportReporter -->
<testsuite hostname="DESKTOP-S63650B" failures="0" tests="1" name="testcases.ValidateSSLCertificate2" time="2.193" errors="0" timestamp="2021-07-26T13:38:00 CEST" skipped="0">
  <testcase classname="testcases.ValidateSSLCertificate2" name="certificate" time="2.193"/>
  <system-out/>
</testsuite> <!-- testcases.ValidateSSLCertificate2 -->
