<?xml version="1.0" encoding="UTF-8"?>
<!-- Generated by org.testng.reporters.JUnitReportReporter -->
<testsuite hostname="DESKTOP-S63650B" failures="0" tests="1" name="testcases.ValidateWomanMenuItem" time="2.429" errors="0" timestamp="2021-06-26T17:06:42 CEST" skipped="0">
  <testcase classname="testcases.ValidateWomanMenuItem" name="ValidateWomanAsMenuItem" time="2.429"/>
  <system-out/>
</testsuite> <!-- testcases.ValidateWomanMenuItem -->
