<?xml version="1.0" encoding="UTF-8"?>
<!-- Generated by org.testng.reporters.JUnitReportReporter -->
<testsuite hostname="DESKTOP-S63650B" failures="0" tests="1" name="testcases.ValidateProductPriceOnProductsPage" time="5.148" errors="0" timestamp="2021-06-26T17:06:42 CEST" skipped="0">
  <testcase classname="testcases.ValidateProductPriceOnProductsPage" name="validateProductPriceOnProductsPage" time="5.148"/>
  <system-out/>
</testsuite> <!-- testcases.ValidateProductPriceOnProductsPage -->
