<?xml version="1.0" encoding="UTF-8"?>
<!-- Generated by org.testng.reporters.JUnitReportReporter -->
<testsuite hostname="DESKTOP-S63650B" failures="0" tests="1" name="testcases.ValidateOtherMenuItem" time="1.943" errors="0" timestamp="2021-06-26T17:06:42 CEST" skipped="0">
  <testcase classname="testcases.ValidateOtherMenuItem" name="ValidateOtherAsMenuItem" time="1.943"/>
  <system-out/>
</testsuite> <!-- testcases.ValidateOtherMenuItem -->
